2020-11-03 12:13:12,072 INFO o.a.j.u.JMeterUtils: Setting Locale to en_EN
2020-11-03 12:13:12,095 INFO o.a.j.JMeter: Loading user properties from: /Users/brady/apache-jmeter-5.3/bin/user.properties
2020-11-03 12:13:12,096 INFO o.a.j.JMeter: Loading system properties from: /Users/brady/apache-jmeter-5.3/bin/system.properties
2020-11-03 12:13:12,097 INFO o.a.j.JMeter: Copyright (c) 1998-2020 The Apache Software Foundation
2020-11-03 12:13:12,097 INFO o.a.j.JMeter: Version 5.3
2020-11-03 12:13:12,097 INFO o.a.j.JMeter: java.version=1.8.0_211
2020-11-03 12:13:12,097 INFO o.a.j.JMeter: java.vm.name=Java HotSpot(TM) 64-Bit Server VM
2020-11-03 12:13:12,097 INFO o.a.j.JMeter: os.name=Mac OS X
2020-11-03 12:13:12,098 INFO o.a.j.JMeter: os.arch=x86_64
2020-11-03 12:13:12,098 INFO o.a.j.JMeter: os.version=10.14.6
2020-11-03 12:13:12,098 INFO o.a.j.JMeter: file.encoding=UTF-8
2020-11-03 12:13:12,098 INFO o.a.j.JMeter: java.awt.headless=null
2020-11-03 12:13:12,098 INFO o.a.j.JMeter: Max memory     =1073741824
2020-11-03 12:13:12,098 INFO o.a.j.JMeter: Available Processors =12
2020-11-03 12:13:12,103 INFO o.a.j.JMeter: Default Locale=English (EN)
2020-11-03 12:13:12,103 INFO o.a.j.JMeter: JMeter  Locale=English (EN)
2020-11-03 12:13:12,103 INFO o.a.j.JMeter: JMeterHome=/Users/brady/apache-jmeter-5.3
2020-11-03 12:13:12,103 INFO o.a.j.JMeter: user.dir  =/Users/brady/dotfiles
2020-11-03 12:13:12,103 INFO o.a.j.JMeter: PWD       =/Users/brady/dotfiles
2020-11-03 12:13:12,114 INFO o.a.j.JMeter: IP: 192.168.1.151 Name: Bradys-MacBook-Pro.local FullName: 192.168.1.151
2020-11-03 12:13:12,485 INFO o.a.j.JMeter: Setting LAF to: com.github.weisj.darklaf.DarkLaf:com.github.weisj.darklaf.theme.DarculaTheme
2020-11-03 12:13:13,771 INFO o.a.j.JMeter: Loaded icon properties from org/apache/jmeter/images/icon.properties
2020-11-03 12:35:16,708 INFO o.a.j.s.FileServer: Default base='/Users/brady/dotfiles'
2020-11-03 12:35:16,716 INFO o.a.j.g.a.Load: Loading file: /Users/brady/patient_wisdom/blackbird/PWAlpha.jmx
2020-11-03 12:35:16,716 INFO o.a.j.s.FileServer: Set new base='/Users/brady/patient_wisdom/blackbird'
2020-11-03 12:35:16,841 INFO o.a.j.s.SaveService: Testplan (JMX) version: 2.2. Testlog (JTL) version: 2.2
2020-11-03 12:35:16,858 INFO o.a.j.s.SaveService: Using SaveService properties file encoding UTF-8
2020-11-03 12:35:16,860 INFO o.a.j.s.SaveService: Using SaveService properties version 5.0
2020-11-03 12:35:16,862 INFO o.a.j.s.SaveService: Loading file: /Users/brady/patient_wisdom/blackbird/PWAlpha.jmx
2020-11-03 12:35:16,888 INFO o.a.j.p.h.c.CookieManager: Settings: Delete null: true Check: true Allow variable: true Save: false Prefix: COOKIE_
2020-11-03 12:35:16,903 INFO o.a.j.p.h.s.HTTPSamplerBase: Parser for text/html is org.apache.jmeter.protocol.http.parser.LagartoBasedHtmlParser
2020-11-03 12:35:16,903 INFO o.a.j.p.h.s.HTTPSamplerBase: Parser for application/xhtml+xml is org.apache.jmeter.protocol.http.parser.LagartoBasedHtmlParser
2020-11-03 12:35:16,903 INFO o.a.j.p.h.s.HTTPSamplerBase: Parser for application/xml is org.apache.jmeter.protocol.http.parser.LagartoBasedHtmlParser
2020-11-03 12:35:16,903 INFO o.a.j.p.h.s.HTTPSamplerBase: Parser for text/xml is org.apache.jmeter.protocol.http.parser.LagartoBasedHtmlParser
2020-11-03 12:35:16,904 INFO o.a.j.p.h.s.HTTPSamplerBase: Parser for text/vnd.wap.wml is org.apache.jmeter.protocol.http.parser.RegexpHTMLParser
2020-11-03 12:35:16,904 INFO o.a.j.p.h.s.HTTPSamplerBase: Parser for text/css is org.apache.jmeter.protocol.http.parser.CssParser
2020-11-03 12:35:17,137 INFO o.a.j.e.KeyToolUtils: keytool found at 'keytool'
2020-11-03 12:35:17,137 INFO o.a.j.p.h.p.ProxyControl: HTTP(S) Test Script Recorder SSL Proxy will use keys that support embedded 3rd party resources in file /Users/brady/apache-jmeter-5.3/bin/proxyserver.jks
2020-11-03 12:35:17,260 INFO o.a.j.s.SampleResult: Note: Sample TimeStamps are START times
2020-11-03 12:35:17,261 INFO o.a.j.s.SampleResult: sampleresult.default.encoding is set to ISO-8859-1
2020-11-03 12:35:17,261 INFO o.a.j.s.SampleResult: sampleresult.useNanoTime=true
2020-11-03 12:35:17,261 INFO o.a.j.s.SampleResult: sampleresult.nanoThreadSleep=5000
2020-11-03 12:35:18,320 INFO o.a.j.s.FileServer: Set new base='/Users/brady/patient_wisdom/blackbird'
